<?xml version="1.0" encoding="UTF-8"?>
<testsuite name="com.eodya.backend.BackendApplicationTests" tests="1" skipped="0" failures="0" errors="0" timestamp="2024-04-24T10:34:29" hostname="Jaehoonui-MacBookAir.local" time="0.397">
  <properties/>
  <testcase name="contextLoads()" classname="com.eodya.backend.BackendApplicationTests" time="0.397"/>
  <system-out><![CDATA[19:34:25.201 [Test worker] INFO org.springframework.test.context.support.AnnotationConfigContextLoaderUtils -- Could not detect default configuration classes for test class [com.eodya.backend.BackendApplicationTests]: BackendApplicationTests does not declare any static, non-private, non-final, nested classes annotated with @Configuration.
19:34:25.286 [Test worker] INFO org.springframework.boot.test.context.SpringBootTestContextBootstrapper -- Found @SpringBootConfiguration com.eodya.backend.BackendApplication for test class com.eodya.backend.BackendApplicationTests

  .   ____          _            __ _ _
 /\\ / ___'_ __ _ _(_)_ __  __ _ \ \ \ \
( ( )\___ | '_ | '_| | '_ \/ _` | \ \ \ \
 \\/  ___)| |_)| | | | | || (_| |  ) ) ) )
  '  |____| .__|_| |_|_| |_\__, | / / / /
 =========|_|==============|___/=/_/_/_/
 :: Spring Boot ::                (v3.2.4)

2024-04-24T19:34:25.652+09:00  INFO 19542 --- [    Test worker] c.eodya.backend.BackendApplicationTests  : Starting BackendApplicationTests using Java 21.0.1 with PID 19542 (started by jaehoonsoh in /Users/jaehoonsoh/Desktop/edoya/eoday-backend)
2024-04-24T19:34:25.653+09:00  INFO 19542 --- [    Test worker] c.eodya.backend.BackendApplicationTests  : No active profile set, falling back to 1 default profile: "default"
2024-04-24T19:34:26.130+09:00  INFO 19542 --- [    Test worker] .s.d.r.c.RepositoryConfigurationDelegate : Bootstrapping Spring Data JPA repositories in DEFAULT mode.
2024-04-24T19:34:26.148+09:00  INFO 19542 --- [    Test worker] .s.d.r.c.RepositoryConfigurationDelegate : Finished Spring Data repository scanning in 13 ms. Found 0 JPA repository interfaces.
2024-04-24T19:34:26.515+09:00  INFO 19542 --- [    Test worker] o.hibernate.jpa.internal.util.LogHelper  : HHH000204: Processing PersistenceUnitInfo [name: default]
2024-04-24T19:34:26.566+09:00  INFO 19542 --- [    Test worker] org.hibernate.Version                    : HHH000412: Hibernate ORM core version 6.4.4.Final
2024-04-24T19:34:26.574+09:00  INFO 19542 --- [    Test worker] o.h.spatial.integration.SpatialService   : HHH80000001: hibernate-spatial integration enabled : true
2024-04-24T19:34:26.598+09:00  INFO 19542 --- [    Test worker] o.h.c.internal.RegionFactoryInitiator    : HHH000026: Second-level cache disabled
2024-04-24T19:34:26.701+09:00  INFO 19542 --- [    Test worker] com.zaxxer.hikari.HikariDataSource       : HikariPool-1 - Starting...
2024-04-24T19:34:27.109+09:00  INFO 19542 --- [    Test worker] com.zaxxer.hikari.pool.HikariPool        : HikariPool-1 - Added connection com.mysql.cj.jdbc.ConnectionImpl@35e92c45
2024-04-24T19:34:27.110+09:00  INFO 19542 --- [    Test worker] com.zaxxer.hikari.HikariDataSource       : HikariPool-1 - Start completed.
2024-04-24T19:34:27.150+09:00  WARN 19542 --- [    Test worker] org.hibernate.orm.deprecation            : HHH90000025: MySQL8Dialect does not need to be specified explicitly using 'hibernate.dialect' (remove the property setting and it will be selected by default)
2024-04-24T19:34:27.151+09:00  WARN 19542 --- [    Test worker] org.hibernate.orm.deprecation            : HHH90000026: MySQL8Dialect has been deprecated; use org.hibernate.dialect.MySQLDialect instead
2024-04-24T19:34:27.171+09:00  INFO 19542 --- [    Test worker] org.hibernate.spatial                    : HHH80000003: hibernate-spatial adding type contributions from : org.hibernate.spatial.dialect.mysql.MySQLDialectContributor
2024-04-24T19:34:27.281+09:00  INFO 19542 --- [    Test worker] o.s.o.j.p.SpringPersistenceUnitInfo      : No LoadTimeWeaver setup: ignoring JPA class transformer
2024-04-24T19:34:27.296+09:00  INFO 19542 --- [    Test worker] org.hibernate.spatial                    : HHH80000003: hibernate-spatial adding type contributions from : org.hibernate.spatial.dialect.mysql.MySQLDialectContributor
2024-04-24T19:34:27.599+09:00  INFO 19542 --- [    Test worker] org.hibernate.spatial                    : HHH80000004: hibernate-spatial adding function contributions from : org.hibernate.spatial.dialect.mysql.MySQLDialectContributor
2024-04-24T19:34:28.182+09:00  INFO 19542 --- [    Test worker] o.h.e.t.j.p.i.JtaPlatformInitiator       : HHH000489: No JTA platform available (set 'hibernate.transaction.jta.platform' to enable JTA platform integration)
2024-04-24T19:34:28.638+09:00  INFO 19542 --- [    Test worker] j.LocalContainerEntityManagerFactoryBean : Initialized JPA EntityManagerFactory for persistence unit 'default'
2024-04-24T19:34:28.771+09:00  WARN 19542 --- [    Test worker] JpaBaseConfiguration$JpaWebConfiguration : spring.jpa.open-in-view is enabled by default. Therefore, database queries may be performed during view rendering. Explicitly configure spring.jpa.open-in-view to disable this warning
2024-04-24T19:34:29.124+09:00  INFO 19542 --- [    Test worker] c.eodya.backend.BackendApplicationTests  : Started BackendApplicationTests in 3.724 seconds (process running for 4.66)
]]></system-out>
  <system-err><![CDATA[WARNING: A Java agent has been loaded dynamically (/Users/jaehoonsoh/.gradle/caches/modules-2/files-2.1/net.bytebuddy/byte-buddy-agent/1.14.12/be4984cb6fd1ef1d11f218a648889dfda44b8a15/byte-buddy-agent-1.14.12.jar)
WARNING: If a serviceability tool is in use, please run with -XX:+EnableDynamicAgentLoading to hide this warning
WARNING: If a serviceability tool is not in use, please run with -Djdk.instrument.traceUsage for more information
WARNING: Dynamic loading of agents will be disallowed by default in a future release
]]></system-err>
</testsuite>
