<?xml version="1.0" encoding="UTF-8"?>
<testsuite name="com.eodya.backend.domain.AddressDepthTest" tests="2" skipped="0" failures="0" errors="0" timestamp="2024-04-24T10:34:29" hostname="Jaehoonui-MacBookAir.local" time="0.004">
  <properties/>
  <testcase name="정상적으로 '구'를 생성할 수 있다." classname="com.eodya.backend.domain.AddressDepthTest" time="0.004"/>
  <testcase name="정상적으로 '시'를 생성할 수 있다." classname="com.eodya.backend.domain.AddressDepthTest" time="0.0"/>
  <system-out><![CDATA[]]></system-out>
  <system-err><![CDATA[]]></system-err>
</testsuite>
